This is pdfTeX, Version 3.141592653-2.6-1.40.24 (MiKTeX 21.12) (preloaded format=pdflatex 2021.12.19)  20 DEC 2021 22:17
entering extended mode
 \write18 enabled.
 %&-line parsing enabled.
**./praca.tex
(praca.tex
LaTeX2e <2021-11-15> patch level 1
L3 programming layer <2021-11-22> (aghdpl.cls
*** [aghdpl.cls] --- (MSz, GJN, PK) v3.1.0 <16.02.2016> ***
Document Class: aghdpl 
(C:\Users\aniag\AppData\Local\Programs\MiKTeX\tex/latex/base\report.cls
Document Class: report 2021/10/04 v1.4n Standard LaTeX document class
(C:\Users\aniag\AppData\Local\Programs\MiKTeX\tex/latex/base\size11.clo
File: size11.clo 2021/10/04 v1.4n Standard LaTeX file (size option)
)
\c@part=\count183
\c@chapter=\count184
\c@section=\count185
\c@subsection=\count186
\c@subsubsection=\count187
\c@paragraph=\count188
\c@subparagraph=\count189
\c@figure=\count190
\c@table=\count191
\abovecaptionskip=\skip47
\belowcaptionskip=\skip48
\bibindent=\dimen138
)
(C:\Users\aniag\AppData\Local\Programs\MiKTeX\tex/latex/psnfss\times.sty
Package: times 2020/03/25 PSNFSS-v9.3 (SPQR) 
)
(C:\Users\aniag\AppData\Local\Programs\MiKTeX\tex/latex/base\fontenc.sty
Package: fontenc 2021/04/29 v2.0v Standard LaTeX package
LaTeX Font Info:    Trying to load font information for T1+ptm on input line 11
2.

(C:\Users\aniag\AppData\Local\Programs\MiKTeX\tex/latex/psnfss\t1ptm.fd
File: t1ptm.fd 2001/06/04 font definitions for T1/ptm.
))
(C:\Users\aniag\AppData\Local\Programs\MiKTeX\tex/latex/graphics\graphicx.sty
Package: graphicx 2021/09/16 v1.2d Enhanced LaTeX Graphics (DPC,SPQR)

(C:\Users\aniag\AppData\Local\Programs\MiKTeX\tex/latex/graphics\keyval.sty
Package: keyval 2014/10/28 v1.15 key=value parser (DPC)
\KV@toks@=\toks16
)
(C:\Users\aniag\AppData\Local\Programs\MiKTeX\tex/latex/graphics\graphics.sty
Package: graphics 2021/03/04 v1.4d Standard LaTeX Graphics (DPC,SPQR)

(C:\Users\aniag\AppData\Local\Programs\MiKTeX\tex/latex/graphics\trig.sty
Package: trig 2021/08/11 v1.11 sin cos tan (DPC)
)
(C:\Users\aniag\AppData\Local\Programs\MiKTeX\tex/latex/graphics-cfg\graphics.c
fg
File: graphics.cfg 2016/06/04 v1.11 sample graphics configuration
)
Package graphics Info: Driver file: pdftex.def on input line 107.

(C:\Users\aniag\AppData\Local\Programs\MiKTeX\tex/latex/graphics-def\pdftex.def
File: pdftex.def 2020/10/05 v1.2a Graphics/color driver for pdftex
))
\Gin@req@height=\dimen139
\Gin@req@width=\dimen140
)
(C:\Users\aniag\AppData\Local\Programs\MiKTeX\tex/latex/geometry\geometry.sty
Package: geometry 2020/01/02 v5.9 Page Geometry

(C:\Users\aniag\AppData\Local\Programs\MiKTeX\tex/generic/iftex\ifvtex.sty
Package: ifvtex 2019/10/25 v1.7 ifvtex legacy package. Use iftex instead.

(C:\Users\aniag\AppData\Local\Programs\MiKTeX\tex/generic/iftex\iftex.sty
Package: iftex 2020/03/06 v1.0d TeX engine tests
))
\Gm@cnth=\count192
\Gm@cntv=\count193
\c@Gm@tempcnt=\count194
\Gm@bindingoffset=\dimen141
\Gm@wd@mp=\dimen142
\Gm@odd@mp=\dimen143
\Gm@even@mp=\dimen144
\Gm@layoutwidth=\dimen145
\Gm@layoutheight=\dimen146
\Gm@layouthoffset=\dimen147
\Gm@layoutvoffset=\dimen148
\Gm@dimlist=\toks17

(C:\Users\aniag\AppData\Local\Programs\MiKTeX\tex/latex/geometry\geometry.cfg))
(C:\Users\aniag\AppData\Local\Programs\MiKTeX\tex/latex/graphics\color.sty
Package: color 2021/10/11 v1.3b Standard LaTeX Color (DPC)

(C:\Users\aniag\AppData\Local\Programs\MiKTeX\tex/latex/graphics-cfg\color.cfg
File: color.cfg 2016/01/02 v1.6 sample color configuration
)
Package color Info: Driver file: pdftex.def on input line 149.
) (C:\Users\aniag\AppData\Local\Programs\MiKTeX\tex/latex/fancyhdr\fancyhdr.sty
Package: fancyhdr 2021/01/28 v4.0.1 Extensive control of page headers and foote
rs
\f@nch@headwidth=\skip49
\f@nch@O@elh=\skip50
\f@nch@O@erh=\skip51
\f@nch@O@olh=\skip52
\f@nch@O@orh=\skip53
\f@nch@O@elf=\skip54
\f@nch@O@erf=\skip55
\f@nch@O@olf=\skip56
\f@nch@O@orf=\skip57
) (C:\Users\aniag\AppData\Local\Programs\MiKTeX\tex/latex/url\url.sty
\Urlmuskip=\muskip16
Package: url 2013/09/16  ver 3.4  Verb mode for urls, etc.
)
(C:\Users\aniag\AppData\Local\Programs\MiKTeX\tex/latex/titlesec\titlesec.sty
Package: titlesec 2021/07/05 v2.14 Sectioning titles
\ttl@box=\box50
\beforetitleunit=\skip58
\aftertitleunit=\skip59
\ttl@plus=\dimen149
\ttl@minus=\dimen150
\ttl@toksa=\toks18
\titlewidth=\dimen151
\titlewidthlast=\dimen152
\titlewidthfirst=\dimen153
)
(C:\Users\aniag\AppData\Local\Programs\MiKTeX\tex/latex/tocloft\tocloft.sty
Package: tocloft 2017/08/31 v2.3i parameterised ToC, etc., typesetting
Package tocloft Info: The document has chapter divisions on input line 51.
\cftparskip=\skip60
\cftbeforetoctitleskip=\skip61
\cftaftertoctitleskip=\skip62
\cftbeforepartskip=\skip63
\cftpartnumwidth=\skip64
\cftpartindent=\skip65
\cftbeforechapskip=\skip66
\cftchapindent=\skip67
\cftchapnumwidth=\skip68
\cftbeforesecskip=\skip69
\cftsecindent=\skip70
\cftsecnumwidth=\skip71
\cftbeforesubsecskip=\skip72
\cftsubsecindent=\skip73
\cftsubsecnumwidth=\skip74
\cftbeforesubsubsecskip=\skip75
\cftsubsubsecindent=\skip76
\cftsubsubsecnumwidth=\skip77
\cftbeforeparaskip=\skip78
\cftparaindent=\skip79
\cftparanumwidth=\skip80
\cftbeforesubparaskip=\skip81
\cftsubparaindent=\skip82
\cftsubparanumwidth=\skip83
\cftbeforeloftitleskip=\skip84
\cftafterloftitleskip=\skip85
\cftbeforefigskip=\skip86
\cftfigindent=\skip87
\cftfignumwidth=\skip88
\c@lofdepth=\count195
\c@lotdepth=\count196
\cftbeforelottitleskip=\skip89
\cftafterlottitleskip=\skip90
\cftbeforetabskip=\skip91
\cfttabindent=\skip92
\cfttabnumwidth=\skip93
)
(C:\Users\aniag\AppData\Local\Programs\MiKTeX\tex/latex/caption\caption.sty
Package: caption 2020/10/26 v3.5g Customizing captions (AR)

(C:\Users\aniag\AppData\Local\Programs\MiKTeX\tex/latex/caption\caption3.sty
Package: caption3 2020/10/21 v2.2e caption3 kernel (AR)
\captionmargin=\dimen154
\captionmargin@=\dimen155
\captionwidth=\dimen156
\caption@tempdima=\dimen157
\caption@indent=\dimen158
\caption@parindent=\dimen159
\caption@hangindent=\dimen160
Package caption Info: Standard document class detected.
)
\c@caption@flags=\count197
\c@continuedfloat=\count198
)
(C:\Users\aniag\AppData\Local\Programs\MiKTeX\tex/latex/caption\subcaption.sty
Package: subcaption 2020/10/07 v1.3j Sub-captions (AR)
\c@subfigure=\count199
\c@subtable=\count266
) (C:\Users\aniag\AppData\Local\Programs\MiKTeX\tex/latex/siunitx\siunitx.sty
Package: siunitx 2021-12-03 v3.0.37 A comprehensive (SI) units package
\l__siunitx_angle_tmp_dim=\dimen161
\l__siunitx_angle_marker_box=\box51
\l__siunitx_angle_unit_box=\box52
\l__siunitx_compound_count_int=\count267

(C:\Users\aniag\AppData\Local\Programs\MiKTeX\tex/latex/translations\translatio
ns.sty
Package: translations 2021/01/17 v1.10a internationalization of LaTeX2e package
s (CN)

(C:\Users\aniag\AppData\Local\Programs\MiKTeX\tex/latex/etoolbox\etoolbox.sty
Package: etoolbox 2020/10/05 v2.5k e-TeX tools for LaTeX (JAW)
\etb@tempcnta=\count268
)
(C:\Users\aniag\AppData\Local\Programs\MiKTeX\tex/generic/pdftexcmds\pdftexcmds
.sty
Package: pdftexcmds 2020-06-27 v0.33 Utility functions of pdfTeX for LuaTeX (HO
)

(C:\Users\aniag\AppData\Local\Programs\MiKTeX\tex/generic/infwarerr\infwarerr.s
ty
Package: infwarerr 2019/12/03 v1.5 Providing info/warning/error messages (HO)
)
(C:\Users\aniag\AppData\Local\Programs\MiKTeX\tex/generic/ltxcmds\ltxcmds.sty
Package: ltxcmds 2020-05-10 v1.25 LaTeX kernel commands for general use (HO)
)
Package pdftexcmds Info: \pdf@primitive is available.
Package pdftexcmds Info: \pdf@ifprimitive is available.
Package pdftexcmds Info: \pdfdraftmode found.
))
\l__siunitx_number_exponent_fixed_int=\count269
\l__siunitx_number_min_decimal_int=\count270
\l__siunitx_number_min_integer_int=\count271
\l__siunitx_number_round_precision_int=\count272
\l__siunitx_number_group_minimum_int=\count273
 (C:\Users\aniag\AppData\Local\Programs\MiKTeX\tex/latex/amsmath\amstext.sty
Package: amstext 2021/08/26 v2.01 AMS text

(C:\Users\aniag\AppData\Local\Programs\MiKTeX\tex/latex/amsmath\amsgen.sty
File: amsgen.sty 1999/11/30 v2.0 generic functions
\@emptytoks=\toks19
\ex@=\dimen162
))
\l__siunitx_table_tmp_box=\box53
\l__siunitx_table_tmp_dim=\dimen163
\l__siunitx_table_column_width_dim=\dimen164
\l__siunitx_table_integer_box=\box54
\l__siunitx_table_decimal_box=\box55
\l__siunitx_table_before_box=\box56
\l__siunitx_table_after_box=\box57
\l__siunitx_table_before_dim=\dimen165
\l__siunitx_table_carry_dim=\dimen166
\l__siunitx_unit_tmp_int=\count274
\l__siunitx_unit_position_int=\count275
\l__siunitx_unit_total_int=\count276

(C:\Users\aniag\AppData\Local\Programs\MiKTeX\tex/latex/l3packages/l3keys2e\l3k
eys2e.sty
(C:\Users\aniag\AppData\Local\Programs\MiKTeX\tex/latex/l3kernel\expl3.sty
Package: expl3 2021-11-22 L3 programming layer (loader) 

(C:\Users\aniag\AppData\Local\Programs\MiKTeX\tex/latex/l3backend\l3backend-pdf
tex.def
File: l3backend-pdftex.def 2021-10-18 L3 backend support: PDF output (pdfTeX)
\l__color_backend_stack_int=\count277
\l__pdf_internal_box=\box58
))
Package: l3keys2e 2021-11-12 LaTeX2e option processing using LaTeX3 keys
)
(C:\Users\aniag\AppData\Local\Programs\MiKTeX\tex/latex/tools\array.sty
Package: array 2021/10/04 v2.5f Tabular extension package (FMi)
\col@sep=\dimen167
\ar@mcellbox=\box59
\extrarowheight=\dimen168
\NC@list=\toks20
\extratabsurround=\skip94
\backup@length=\skip95
\ar@cellbox=\box60
))
(C:\Users\aniag\AppData\Local\Programs\MiKTeX\tex/latex/tools\enumerate.sty
Package: enumerate 2015/07/23 v3.00 enumerate extensions (DPC)
\@enLab=\toks21
)
(C:\Users\aniag\AppData\Local\Programs\MiKTeX\tex/latex/enumitem\enumitem.sty
Package: enumitem 2019/06/20 v3.9 Customized lists
\labelindent=\skip96
\enit@outerparindent=\dimen169
\enit@toks=\toks22
\enit@inbox=\box61
\enit@count@id=\count278
\enitdp@description=\count279
)
(C:\Users\aniag\AppData\Local\Programs\MiKTeX\tex/latex/nowidow\nowidow.sty
Package: nowidow 2011/09/20 1.0 Easily prevent widows and orphans
Package: nowidow 

(C:\Users\aniag\AppData\Local\Programs\MiKTeX\tex/latex/kvoptions\kvoptions.sty
Package: kvoptions 2020-10-07 v3.14 Key value format for package options (HO)

(C:\Users\aniag\AppData\Local\Programs\MiKTeX\tex/generic/kvsetkeys\kvsetkeys.s
ty
Package: kvsetkeys 2019/12/15 v1.18 Key value parser (HO)
)))
\descriptiondashgap=\skip97
\eqwheremargin=\skip98
)
(C:\Users\aniag\AppData\Local\Programs\MiKTeX\tex/generic/babel\babel.sty
Package: babel 2021/11/29 3.67 The Babel package
\babel@savecnt=\count280
\U@D=\dimen170
\l@unhyphenated=\language79

(C:\Users\aniag\AppData\Local\Programs\MiKTeX\tex/generic/babel\txtbabel.def)
\bbl@readstream=\read2
\bbl@dirlevel=\count281

*************************************
* Local config file bblopts.cfg used
*
(C:\Users\aniag\AppData\Local\Programs\MiKTeX\tex/latex/arabi\bblopts.cfg
File: bblopts.cfg 2005/09/08 v0.1 add Arabic and Farsi to "declared" options of
 babel
)
(C:\Users\aniag\AppData\Local\Programs\MiKTeX\tex/latex/babel-english\english.l
df
Language: english 2017/06/06 v3.3r English support from the babel system
Package babel Info: Hyphen rules for 'canadian' set to \l@english
(babel)             (\language0). Reported on input line 102.
Package babel Info: Hyphen rules for 'australian' set to \l@ukenglish
(babel)             (\language73). Reported on input line 105.
Package babel Info: Hyphen rules for 'newzealand' set to \l@ukenglish
(babel)             (\language73). Reported on input line 108.
)
(C:\Users\aniag\AppData\Local\Programs\MiKTeX\tex/latex/babel-polish\polish.ldf
Language: polish 2005/03/31 v1.2l Polish support from the babel system
Package babel Info: Making " an active character on input line 83.
\pl@left=\dimen171
\pl@down=\dimen172
\pl@right=\dimen173
\pl@temp=\dimen174
)) (C:\Users\aniag\AppData\Local\Programs\MiKTeX\tex/latex/polski\polski.sty
Package: polski 2021/08/25 v1.3.6 Polish language package
)
(C:\Users\aniag\AppData\Local\Programs\MiKTeX\tex/latex/base\inputenc.sty
Package: inputenc 2021/02/14 v1.3d Input encoding file
\inpenc@prehook=\toks23
\inpenc@posthook=\toks24
)
(C:\Users\aniag\AppData\Local\Programs\MiKTeX\tex/latex/mathtools\mathtools.sty
Package: mathtools 2021/04/12 v1.27 mathematical typesetting tools
(C:\Users\aniag\AppData\Local\Programs\MiKTeX\tex/latex/tools\calc.sty
Package: calc 2017/05/25 v4.3 Infix arithmetic (KKT,FJ)
\calc@Acount=\count282
\calc@Bcount=\count283
\calc@Adimen=\dimen175
\calc@Bdimen=\dimen176
\calc@Askip=\skip99
\calc@Bskip=\skip100
LaTeX Info: Redefining \setlength on input line 80.
LaTeX Info: Redefining \addtolength on input line 81.
\calc@Ccount=\count284
\calc@Cskip=\skip101
)
(C:\Users\aniag\AppData\Local\Programs\MiKTeX\tex/latex/mathtools\mhsetup.sty
Package: mhsetup 2021/03/18 v1.4 programming setup (MH)
)
(C:\Users\aniag\AppData\Local\Programs\MiKTeX\tex/latex/amsmath\amsmath.sty
Package: amsmath 2021/10/15 v2.17l AMS math features
\@mathmargin=\skip102

For additional information on amsmath, use the `?' option.
(C:\Users\aniag\AppData\Local\Programs\MiKTeX\tex/latex/amsmath\amsbsy.sty
Package: amsbsy 1999/11/29 v1.2d Bold Symbols
\pmbraise@=\dimen177
)
(C:\Users\aniag\AppData\Local\Programs\MiKTeX\tex/latex/amsmath\amsopn.sty
Package: amsopn 2021/08/26 v2.02 operator names
)
\inf@bad=\count285
LaTeX Info: Redefining \frac on input line 234.
\uproot@=\count286
\leftroot@=\count287
LaTeX Info: Redefining \overline on input line 399.
\classnum@=\count288
\DOTSCASE@=\count289
LaTeX Info: Redefining \ldots on input line 496.
LaTeX Info: Redefining \dots on input line 499.
LaTeX Info: Redefining \cdots on input line 620.
\Mathstrutbox@=\box62
\strutbox@=\box63
\big@size=\dimen178
LaTeX Font Info:    Redeclaring font encoding OML on input line 743.
LaTeX Font Info:    Redeclaring font encoding OMS on input line 744.
\macc@depth=\count290
\c@MaxMatrixCols=\count291
\dotsspace@=\muskip17
\c@parentequation=\count292
\dspbrk@lvl=\count293
\tag@help=\toks25
\row@=\count294
\column@=\count295
\maxfields@=\count296
\andhelp@=\toks26
\eqnshift@=\dimen179
\alignsep@=\dimen180
\tagshift@=\dimen181
\tagwidth@=\dimen182
\totwidth@=\dimen183
\lineht@=\dimen184
\@envbody=\toks27
\multlinegap=\skip103
\multlinetaggap=\skip104
\mathdisplay@stack=\toks28
LaTeX Info: Redefining \[ on input line 2938.
LaTeX Info: Redefining \] on input line 2939.
)
LaTeX Info: Thecontrolsequence`\('isalreadyrobust on input line 130.
LaTeX Info: Thecontrolsequence`\)'isalreadyrobust on input line 130.
LaTeX Info: Thecontrolsequence`\['isalreadyrobust on input line 130.
LaTeX Info: Thecontrolsequence`\]'isalreadyrobust on input line 130.
\g_MT_multlinerow_int=\count297
\l_MT_multwidth_dim=\dimen185
\origjot=\skip105
\l_MT_shortvdotswithinadjustabove_dim=\dimen186
\l_MT_shortvdotswithinadjustbelow_dim=\dimen187
\l_MT_above_intertext_sep=\dimen188
\l_MT_below_intertext_sep=\dimen189
\l_MT_above_shortintertext_sep=\dimen190
\l_MT_below_shortintertext_sep=\dimen191
\xmathstrut@box=\box64
\xmathstrut@dim=\dimen192
)
(C:\Users\aniag\AppData\Local\Programs\MiKTeX\tex/latex/amsfonts\amsfonts.sty
Package: amsfonts 2013/01/14 v3.01 Basic AMSFonts support
\symAMSa=\mathgroup4
\symAMSb=\mathgroup5
LaTeX Font Info:    Redeclaring math symbol \hbar on input line 98.
LaTeX Font Info:    Overwriting math alphabet `\mathfrak' in version `bold'
(Font)                  U/euf/m/n --> U/euf/b/n on input line 106.
)
(C:\Users\aniag\AppData\Local\Programs\MiKTeX\tex/latex/amscls\amsthm.sty
Package: amsthm 2020/05/29 v2.20.6
\thm@style=\toks29
\thm@bodyfont=\toks30
\thm@headfont=\toks31
\thm@notefont=\toks32
\thm@headpunct=\toks33
\thm@preskip=\skip106
\thm@postskip=\skip107
\thm@headsep=\skip108
\dth@everypar=\toks34
)
(C:\Users\aniag\AppData\Local\Programs\MiKTeX\tex/latex/xcolor\xcolor.sty
Package: xcolor 2021/10/31 v2.13 LaTeX color extensions (UK)

(C:\Users\aniag\AppData\Local\Programs\MiKTeX\tex/latex/graphics-cfg\color.cfg
File: color.cfg 2016/01/02 v1.6 sample color configuration
)
Package xcolor Info: Driver file: pdftex.def on input line 227.
LaTeX Info: Redefining \color on input line 711.
Package xcolor Info: Model `cmy' substituted by `cmy0' on input line 1352.
Package xcolor Info: Model `hsb' substituted by `rgb' on input line 1356.
Package xcolor Info: Model `RGB' extended on input line 1368.
Package xcolor Info: Model `HTML' substituted by `rgb' on input line 1370.
Package xcolor Info: Model `Hsb' substituted by `hsb' on input line 1371.
Package xcolor Info: Model `tHsb' substituted by `hsb' on input line 1372.
Package xcolor Info: Model `HSB' substituted by `hsb' on input line 1373.
Package xcolor Info: Model `Gray' substituted by `gray' on input line 1374.
Package xcolor Info: Model `wave' substituted by `hsb' on input line 1375.
) (C:\Users\aniag\AppData\Local\Programs\MiKTeX\tex/latex/minted\minted.sty
Package: minted 2017/07/19 v2.5 Yet another Pygments shim for LaTeX

(C:\Users\aniag\AppData\Local\Programs\MiKTeX\tex/latex/fvextra\fvextra.sty
Package: fvextra 2019/02/04 v1.4 fvextra - extensions and patches for fancyvrb

(C:\Users\aniag\AppData\Local\Programs\MiKTeX\tex/latex/base\ifthen.sty
Package: ifthen 2020/11/24 v1.1c Standard LaTeX ifthen package (DPC)
)
(C:\Users\aniag\AppData\Local\Programs\MiKTeX\tex/latex/fancyvrb\fancyvrb.sty
Package: fancyvrb 2021/11/24~ 4.1a~verbatim text (tvz,hv)
\FV@CodeLineNo=\count298
\FV@InFile=\read3
\FV@TabBox=\box65
\c@FancyVerbLine=\count299
\FV@StepNumber=\count300
\FV@OutFile=\write3
)
(C:\Users\aniag\AppData\Local\Programs\MiKTeX\tex/latex/upquote\upquote.sty
Package: upquote 2012/04/19 v1.3 upright-quote and grave-accent glyphs in verba
tim

(C:\Users\aniag\AppData\Local\Programs\MiKTeX\tex/latex/base\textcomp.sty
Package: textcomp 2020/02/02 v2.0n Standard LaTeX package
))
(C:\Users\aniag\AppData\Local\Programs\MiKTeX\tex/latex/lineno\lineno.sty
Package: lineno 2005/11/02 line numbers on paragraphs v4.41
\linenopenalty=\count301
\output=\toks35
\linenoprevgraf=\count302
\linenumbersep=\dimen193
\linenumberwidth=\dimen194
\c@linenumber=\count303
\c@pagewiselinenumber=\count304
\c@LN@truepage=\count305
\c@internallinenumber=\count306
\c@internallinenumbers=\count307
\quotelinenumbersep=\dimen195
\bframerule=\dimen196
\bframesep=\dimen197
\bframebox=\box66
LaTeX Info: Redefining \\ on input line 3056.
)
\c@FV@TrueTabGroupLevel=\count308
\c@FV@TrueTabCounter=\count309
\FV@TabBox@Group=\box67
\FV@TmpLength=\skip109
\c@FV@HighlightLinesStart=\count310
\c@FV@HighlightLinesStop=\count311
\FV@LoopCount=\count312
\FV@NCharsBox=\box68
\FV@BreakIndent=\dimen198
\FV@BreakIndentNChars=\count313
\FV@BreakSymbolSepLeft=\dimen199
\FV@BreakSymbolSepLeftNChars=\count314
\FV@BreakSymbolSepRight=\dimen256
\FV@BreakSymbolSepRightNChars=\count315
\FV@BreakSymbolIndentLeft=\dimen257
\FV@BreakSymbolIndentLeftNChars=\count316
\FV@BreakSymbolIndentRight=\dimen258
\FV@BreakSymbolIndentRightNChars=\count317
\c@FancyVerbLineBreakLast=\count318
\FV@LineBox=\box69
\FV@LineIndentBox=\box70
\FV@LineWidth=\dimen259
)
(C:\Users\aniag\AppData\Local\Programs\MiKTeX\tex/latex/tools\shellesc.sty
Package: shellesc 2019/11/08 v1.0c unified shell escape interface for LaTeX
Package shellesc Info: Unrestricted shell escape enabled on input line 75.
)
(C:\Users\aniag\AppData\Local\Programs\MiKTeX\tex/latex/ifplatform\ifplatform.s
ty
Package: ifplatform 2017/10/13 v0.4a Testing for the operating system

(C:\Users\aniag\AppData\Local\Programs\MiKTeX\tex/generic/catchfile\catchfile.s
ty
Package: catchfile 2019/12/09 v1.8 Catch the contents of a file (HO)

(C:\Users\aniag\AppData\Local\Programs\MiKTeX\tex/generic/etexcmds\etexcmds.sty
Package: etexcmds 2019/12/15 v1.7 Avoid name clashes with e-TeX commands (HO)
)) (C:\Users\aniag\AppData\Local\Programs\MiKTeX\tex/generic/iftex\ifluatex.sty
Package: ifluatex 2019/10/25 v1.5 ifluatex legacy package. Use iftex instead.
)) (C:\Users\aniag\AppData\Local\Programs\MiKTeX\tex/latex/xstring\xstring.sty
(C:\Users\aniag\AppData\Local\Programs\MiKTeX\tex/generic/xstring\xstring.tex
\integerpart=\count319
\decimalpart=\count320
)
Package: xstring 2021/07/21 v1.84 String manipulations (CT)
) (C:\Users\aniag\AppData\Local\Programs\MiKTeX\tex/latex/framed\framed.sty
Package: framed 2011/10/22 v 0.96: framed or shaded text with page breaks
\OuterFrameSep=\skip110
\fb@frw=\dimen260
\fb@frh=\dimen261
\FrameRule=\dimen262
\FrameSep=\dimen263
)
(C:\Users\aniag\AppData\Local\Programs\MiKTeX\tex/latex/float\float.sty
Package: float 2001/11/08 v1.3d Float enhancements (AL)
\c@float@type=\count321
\float@exts=\toks36
\float@box=\box71
\@float@everytoks=\toks37
\@floatcapt=\box72
)
\minted@appexistsfile=\read4
\minted@bgbox=\box73
\minted@code=\write4
\c@minted@FancyVerbLineTemp=\count322
\c@minted@pygmentizecounter=\count323
\@float@every@listing=\toks38
\c@listing=\count324
)
runsystem(if not exist _minted-praca mkdir _minted-praca)...executed.


(C:\Users\aniag\AppData\Local\Programs\MiKTeX\tex/latex/hyperref\hyperref.sty
Package: hyperref 2021-06-07 v7.00m Hypertext links for LaTeX

(C:\Users\aniag\AppData\Local\Programs\MiKTeX\tex/generic/kvdefinekeys\kvdefine
keys.sty
Package: kvdefinekeys 2019-12-19 v1.6 Define keys (HO)
)
(C:\Users\aniag\AppData\Local\Programs\MiKTeX\tex/generic/pdfescape\pdfescape.s
ty
Package: pdfescape 2019/12/09 v1.15 Implements pdfTeX's escape features (HO)
) (C:\Users\aniag\AppData\Local\Programs\MiKTeX\tex/latex/hycolor\hycolor.sty
Package: hycolor 2020-01-27 v1.10 Color options for hyperref/bookmark (HO)
)
(C:\Users\aniag\AppData\Local\Programs\MiKTeX\tex/latex/letltxmacro\letltxmacro
.sty
Package: letltxmacro 2019/12/03 v1.6 Let assignment for LaTeX macros (HO)
)
(C:\Users\aniag\AppData\Local\Programs\MiKTeX\tex/latex/auxhook\auxhook.sty
Package: auxhook 2019-12-17 v1.6 Hooks for auxiliary files (HO)
)
\@linkdim=\dimen264
\Hy@linkcounter=\count325
\Hy@pagecounter=\count326

(C:\Users\aniag\AppData\Local\Programs\MiKTeX\tex/latex/hyperref\pd1enc.def
File: pd1enc.def 2021-06-07 v7.00m Hyperref: PDFDocEncoding definition (HO)
Now handling font encoding PD1 ...
... no UTF-8 mapping file for font encoding PD1
)
(C:\Users\aniag\AppData\Local\Programs\MiKTeX\tex/latex/hyperref\hyperref-langp
atches.def
File: hyperref-langpatches.def 2021-06-07 v7.00m Hyperref: patches for babel la
nguages
)
(C:\Users\aniag\AppData\Local\Programs\MiKTeX\tex/generic/intcalc\intcalc.sty
Package: intcalc 2019/12/15 v1.3 Expandable calculations with integers (HO)
)
\Hy@SavedSpaceFactor=\count327

(C:\Users\aniag\AppData\Local\Programs\MiKTeX\tex/latex/hyperref\puenc.def
File: puenc.def 2021-06-07 v7.00m Hyperref: PDF Unicode definition (HO)
Now handling font encoding PU ...
... no UTF-8 mapping file for font encoding PU
)
Package hyperref Info: Hyper figures OFF on input line 4192.
Package hyperref Info: Link nesting OFF on input line 4197.
Package hyperref Info: Hyper index ON on input line 4200.
Package hyperref Info: Plain pages OFF on input line 4207.
Package hyperref Info: Backreferencing OFF on input line 4212.
Package hyperref Info: Implicit mode ON; LaTeX internals redefined.
Package hyperref Info: Bookmarks ON on input line 4445.
\c@Hy@tempcnt=\count328
LaTeX Info: Redefining \url on input line 4804.
\XeTeXLinkMargin=\dimen265

(C:\Users\aniag\AppData\Local\Programs\MiKTeX\tex/generic/bitset\bitset.sty
Package: bitset 2019/12/09 v1.3 Handle bit-vector datatype (HO)

(C:\Users\aniag\AppData\Local\Programs\MiKTeX\tex/generic/bigintcalc\bigintcalc
.sty
Package: bigintcalc 2019/12/15 v1.5 Expandable calculations on big integers (HO
)
))
\Fld@menulength=\count329
\Field@Width=\dimen266
\Fld@charsize=\dimen267
Package hyperref Info: Hyper figures OFF on input line 6076.
Package hyperref Info: Link nesting OFF on input line 6081.
Package hyperref Info: Hyper index ON on input line 6084.
Package hyperref Info: backreferencing OFF on input line 6091.
Package hyperref Info: Link coloring OFF on input line 6096.
Package hyperref Info: Link coloring with OCG OFF on input line 6101.
Package hyperref Info: PDF/A mode OFF on input line 6106.
LaTeX Info: Redefining \ref on input line 6146.
LaTeX Info: Redefining \pageref on input line 6150.

(C:\Users\aniag\AppData\Local\Programs\MiKTeX\tex/latex/base\atbegshi-ltx.sty
Package: atbegshi-ltx 2021/01/10 v1.0c Emulation of the original atbegshi
package with kernel methods
)
\Hy@abspage=\count330
\c@Item=\count331
\c@Hfootnote=\count332
)
Package hyperref Info: Driver (autodetected): hpdftex.
(C:\Users\aniag\AppData\Local\Programs\MiKTeX\tex/latex/hyperref\hpdftex.def
File: hpdftex.def 2021-06-07 v7.00m Hyperref driver for pdfTeX

(C:\Users\aniag\AppData\Local\Programs\MiKTeX\tex/latex/base\atveryend-ltx.sty
Package: atveryend-ltx 2020/08/19 v1.0a Emulation of the original atveryend pac
kage
with kernel methods
)
\Fld@listcount=\count333
\c@bookmark@seq@number=\count334

(C:\Users\aniag\AppData\Local\Programs\MiKTeX\tex/latex/rerunfilecheck\rerunfil
echeck.sty
Package: rerunfilecheck 2019/12/05 v1.9 Rerun checks for auxiliary files (HO)

(C:\Users\aniag\AppData\Local\Programs\MiKTeX\tex/generic/uniquecounter\uniquec
ounter.sty
Package: uniquecounter 2019/12/15 v1.4 Provide unlimited unique counter (HO)
)
Package uniquecounter Info: New unique counter `rerunfilecheck' on input line 2
86.
)
\Hy@SectionHShift=\skip111
)
(C:\Users\aniag\AppData\Local\Programs\MiKTeX\tex/latex/biblatex\biblatex.sty
Package: biblatex 2020/12/31 v3.16 programmable bibliographies (PK/MW)

(C:\Users\aniag\AppData\Local\Programs\MiKTeX\tex/latex/logreq\logreq.sty
Package: logreq 2010/08/04 v1.0 xml request logger
\lrq@indent=\count335

(C:\Users\aniag\AppData\Local\Programs\MiKTeX\tex/latex/logreq\logreq.def
File: logreq.def 2010/08/04 v1.0 logreq spec v1.0
))
\c@tabx@nest=\count336
\c@listtotal=\count337
\c@listcount=\count338
\c@liststart=\count339
\c@liststop=\count340
\c@citecount=\count341
\c@citetotal=\count342
\c@multicitecount=\count343
\c@multicitetotal=\count344
\c@instcount=\count345
\c@maxnames=\count346
\c@minnames=\count347
\c@maxitems=\count348
\c@minitems=\count349
\c@citecounter=\count350
\c@maxcitecounter=\count351
\c@savedcitecounter=\count352
\c@uniquelist=\count353
\c@uniquename=\count354
\c@refsection=\count355
\c@refsegment=\count356
\c@maxextratitle=\count357
\c@maxextratitleyear=\count358
\c@maxextraname=\count359
\c@maxextradate=\count360
\c@maxextraalpha=\count361
\c@abbrvpenalty=\count362
\c@highnamepenalty=\count363
\c@lownamepenalty=\count364
\c@maxparens=\count365
\c@parenlevel=\count366
\blx@tempcnta=\count367
\blx@tempcntb=\count368
\blx@tempcntc=\count369
\blx@maxsection=\count370
\blx@maxsegment@0=\count371
\blx@notetype=\count372
\blx@parenlevel@text=\count373
\blx@parenlevel@foot=\count374
\blx@sectionciteorder@0=\count375
\blx@entrysetcounter=\count376
\blx@biblioinstance=\count377
\labelnumberwidth=\skip112
\labelalphawidth=\skip113
\biblabelsep=\skip114
\bibitemsep=\skip115
\bibnamesep=\skip116
\bibinitsep=\skip117
\bibparsep=\skip118
\bibhang=\skip119
\blx@bcfin=\read5
\blx@bcfout=\write5
\blx@langwohyphens=\language80
\c@mincomprange=\count378
\c@maxcomprange=\count379
\c@mincompwidth=\count380
Package biblatex Info: Trying to load biblatex default data model...
Package biblatex Info: ... file 'blx-dm.def' found.

(C:\Users\aniag\AppData\Local\Programs\MiKTeX\tex/latex/biblatex\blx-dm.def
File: blx-dm.def 2020/12/31 v3.16 biblatex localization (PK/MW)
)
Package biblatex Info: Trying to load biblatex style data model...
Package biblatex Info: ... file 'numeric.dbx' not found.
Package biblatex Info: Trying to load biblatex custom data model...
Package biblatex Info: ... file 'biblatex-dm.cfg' not found.
\c@afterword=\count381
\c@savedafterword=\count382
\c@annotator=\count383
\c@savedannotator=\count384
\c@author=\count385
\c@savedauthor=\count386
\c@bookauthor=\count387
\c@savedbookauthor=\count388
\c@commentator=\count389
\c@savedcommentator=\count390
\c@editor=\count391
\c@savededitor=\count392
\c@editora=\count393
\c@savededitora=\count394
\c@editorb=\count395
\c@savededitorb=\count396
\c@editorc=\count397
\c@savededitorc=\count398
\c@foreword=\count399
\c@savedforeword=\count400
\c@holder=\count401
\c@savedholder=\count402
\c@introduction=\count403
\c@savedintroduction=\count404
\c@namea=\count405
\c@savednamea=\count406
\c@nameb=\count407
\c@savednameb=\count408
\c@namec=\count409
\c@savednamec=\count410
\c@translator=\count411
\c@savedtranslator=\count412
\c@shortauthor=\count413
\c@savedshortauthor=\count414
\c@shorteditor=\count415
\c@savedshorteditor=\count416
\c@labelname=\count417
\c@savedlabelname=\count418
\c@institution=\count419
\c@savedinstitution=\count420
\c@lista=\count421
\c@savedlista=\count422
\c@listb=\count423
\c@savedlistb=\count424
\c@listc=\count425
\c@savedlistc=\count426
\c@listd=\count427
\c@savedlistd=\count428
\c@liste=\count429
\c@savedliste=\count430
\c@listf=\count431
\c@savedlistf=\count432
\c@location=\count433
\c@savedlocation=\count434
\c@organization=\count435
\c@savedorganization=\count436
\c@origlocation=\count437
\c@savedoriglocation=\count438
\c@origpublisher=\count439
\c@savedorigpublisher=\count440
\c@publisher=\count441
\c@savedpublisher=\count442
\c@language=\count443
\c@savedlanguage=\count444
\c@origlanguage=\count445
\c@savedoriglanguage=\count446
\c@pageref=\count447
\c@savedpageref=\count448
\shorthandwidth=\skip120
\shortjournalwidth=\skip121
\shortserieswidth=\skip122
\shorttitlewidth=\skip123
\shortauthorwidth=\skip124
\shorteditorwidth=\skip125
\locallabelnumberwidth=\skip126
\locallabelalphawidth=\skip127
\localshorthandwidth=\skip128
\localshortjournalwidth=\skip129
\localshortserieswidth=\skip130
\localshorttitlewidth=\skip131
\localshortauthorwidth=\skip132
\localshorteditorwidth=\skip133
Package biblatex Info: Trying to load compatibility code...
Package biblatex Info: ... file 'blx-compat.def' found.

(C:\Users\aniag\AppData\Local\Programs\MiKTeX\tex/latex/biblatex\blx-compat.def
File: blx-compat.def 2020/12/31 v3.16 biblatex compatibility (PK/MW)
)
Package biblatex Info: Trying to load generic definitions...
Package biblatex Info: ... file 'biblatex.def' found.
 (C:\Users\aniag\AppData\Local\Programs\MiKTeX\tex/latex/biblatex\biblatex.def
File: biblatex.def 2020/12/31 v3.16 biblatex compatibility (PK/MW)
\c@textcitecount=\count449
\c@textcitetotal=\count450
\c@textcitemaxnames=\count451
\c@biburlbigbreakpenalty=\count452
\c@biburlbreakpenalty=\count453
\c@biburlnumpenalty=\count454
\c@biburlucpenalty=\count455
\c@biburllcpenalty=\count456
\biburlbigskip=\muskip18
\biburlnumskip=\muskip19
\biburlucskip=\muskip20
\biburllcskip=\muskip21
\c@smartand=\count457
)
Package biblatex Info: Trying to load bibliography style 'numeric'...
Package biblatex Info: ... file 'numeric.bbx' found.

(C:\Users\aniag\AppData\Local\Programs\MiKTeX\tex/latex/biblatex/bbx\numeric.bb
x
File: numeric.bbx 2020/12/31 v3.16 biblatex bibliography style (PK/MW)
Package biblatex Info: Trying to load bibliography style 'standard'...
Package biblatex Info: ... file 'standard.bbx' found.

(C:\Users\aniag\AppData\Local\Programs\MiKTeX\tex/latex/biblatex/bbx\standard.b
bx
File: standard.bbx 2020/12/31 v3.16 biblatex bibliography style (PK/MW)
\c@bbx:relatedcount=\count458
\c@bbx:relatedtotal=\count459
))
Package biblatex Info: Trying to load citation style 'numeric'...
Package biblatex Info: ... file 'numeric.cbx' found.

(C:\Users\aniag\AppData\Local\Programs\MiKTeX\tex/latex/biblatex/cbx\numeric.cb
x
File: numeric.cbx 2020/12/31 v3.16 biblatex citation style (PK/MW)
Package biblatex Info: Redefining '\cite'.
Package biblatex Info: Redefining '\parencite'.
Package biblatex Info: Redefining '\footcite'.
Package biblatex Info: Redefining '\footcitetext'.
Package biblatex Info: Redefining '\smartcite'.
Package biblatex Info: Redefining '\supercite'.
Package biblatex Info: Redefining '\textcite'.
Package biblatex Info: Redefining '\textcites'.
Package biblatex Info: Redefining '\cites'.
Package biblatex Info: Redefining '\parencites'.
Package biblatex Info: Redefining '\smartcites'.
)
Package biblatex Info: Trying to load configuration file...
Package biblatex Info: ... file 'biblatex.cfg' found.

(C:\Users\aniag\AppData\Local\Programs\MiKTeX\tex/latex/biblatex\biblatex.cfg
File: biblatex.cfg 
)) (C:\Users\aniag\AppData\Local\Programs\MiKTeX\tex/latex/csquotes\csquotes.st
y
Package: csquotes 2021-02-22 v5.2l context-sensitive quotations (JAW)
\csq@reset=\count460
\csq@gtype=\count461
\csq@glevel=\count462
\csq@qlevel=\count463
\csq@maxlvl=\count464
\csq@tshold=\count465
\csq@ltx@everypar=\toks39

(C:\Users\aniag\AppData\Local\Programs\MiKTeX\tex/latex/csquotes\csquotes.def
File: csquotes.def 2021-02-22 v5.2l csquotes generic definitions (JAW)
)
Package csquotes Info: Trying to load configuration file 'csquotes.cfg'...
Package csquotes Info: ... configuration file loaded successfully.

(C:\Users\aniag\AppData\Local\Programs\MiKTeX\tex/latex/csquotes\csquotes.cfg
File: csquotes.cfg 
))
Package csquotes Info: Redefining alias 'polish' -> 'croatian'.
(C:\Users\aniag\AppData\Local\Programs\MiKTeX\tex/latex/psnfss\courier.sty
Package: courier 2020/03/25 PSNFSS-v9.3 (WaS) 
)
(C:\Users\aniag\AppData\Local\Programs\MiKTeX\tex/latex/listings\listings.sty
\lst@mode=\count466
\lst@gtempboxa=\box74
\lst@token=\toks40
\lst@length=\count467
\lst@currlwidth=\dimen268
\lst@column=\count468
\lst@pos=\count469
\lst@lostspace=\dimen269
\lst@width=\dimen270
\lst@newlines=\count470
\lst@lineno=\count471
\lst@maxwidth=\dimen271

(C:\Users\aniag\AppData\Local\Programs\MiKTeX\tex/latex/listings\lstmisc.sty
File: lstmisc.sty 2020/03/24 1.8d (Carsten Heinz)
\c@lstnumber=\count472
\lst@skipnumbers=\count473
\lst@framebox=\box75
)
(C:\Users\aniag\AppData\Local\Programs\MiKTeX\tex/latex/listings\listings.cfg
File: listings.cfg 2020/03/24 1.8d listings configuration
))
Package: listings 2020/03/24 1.8d (Carsten Heinz)
(C:\Users\aniag\AppData\Local\Programs\MiKTeX\tex/latex/listings\lstlang1.sty
File: lstlang1.sty 2020/03/24 1.8d listings language file
)
(C:\Users\aniag\AppData\Local\Programs\MiKTeX\tex/latex/listings\lstlang2.sty
File: lstlang2.sty 2020/03/24 1.8d listings language file
)
(C:\Users\aniag\AppData\Local\Programs\MiKTeX\tex/latex/listings\lstlang3.sty
File: lstlang3.sty 2020/03/24 1.8d listings language file
)
(C:\Users\aniag\AppData\Local\Programs\MiKTeX\tex/latex/tools\tabularx.sty
Package: tabularx 2020/01/15 v2.11c `tabularx' package (DPC)
\TX@col@width=\dimen272
\TX@old@table=\dimen273
\TX@old@col=\dimen274
\TX@target=\dimen275
\TX@delta=\dimen276
\TX@cols=\count474
\TX@ftn=\toks41
)
(C:\Users\aniag\AppData\Local\Programs\MiKTeX\tex/latex/multirow\multirow.sty
Package: multirow 2021/03/15 v2.8 Span multiple rows of a table
\multirow@colwidth=\skip134
\multirow@cntb=\count475
\multirow@dima=\skip135
\bigstrutjot=\dimen277
)
(C:\Users\aniag\AppData\Local\Programs\MiKTeX\tex/latex/booktabs\booktabs.sty
Package: booktabs 2020/01/12 v1.61803398 Publication quality tables
\heavyrulewidth=\dimen278
\lightrulewidth=\dimen279
\cmidrulewidth=\dimen280
\belowrulesep=\dimen281
\belowbottomsep=\dimen282
\aboverulesep=\dimen283
\abovetopsep=\dimen284
\cmidrulesep=\dimen285
\cmidrulekern=\dimen286
\defaultaddspace=\dimen287
\@cmidla=\count476
\@cmidlb=\count477
\@aboverulesep=\dimen288
\@belowrulesep=\dimen289
\@thisruleclass=\count478
\@lastruleclass=\count479
\@thisrulewidth=\dimen290
)
(C:\Users\aniag\AppData\Local\Programs\MiKTeX\tex/latex/makecell\makecell.sty
Package: makecell 2009/08/03 V0.1e Managing of Tab Column Heads and Cells
\rotheadsize=\dimen291
\c@nlinenum=\count480
\TeXr@lab=\toks42
)
(C:\Users\aniag\AppData\Local\Programs\MiKTeX\tex/latex/threeparttable\threepar
ttable.sty
Package: threeparttable 2003/06/13  v 3.0
\@tempboxb=\box76
)
runsystem(for ^%i in (pygmentize.exe pygmentize.bat pygmentize.cmd) do set > pr
aca.aex <nul: /p x=^%~$PATH:i>> praca.aex)...executed.

runsystem(del praca.aex)...executed.

Package csquotes Info: Checking for multilingual support...
Package csquotes Info: ... found 'babel' package.
Package csquotes Info: Adjusting default style.
Package csquotes Info: Redefining alias 'default' -> 'polish'.


LaTeX Warning: Unused global option(s):
    [11pt].

(praca.aux (1_wstęp.aux) (2_powiązane_algorytmy.aux)
(3_istniejące_zastosowania.aux) (4_narzędzia_i_technologie.aux)
(5_algorytm_animacji.aux

LaTeX Warning: Label `fig:result' multiply defined.

) (6_ewaluacja.aux) (7_podsumowanie.aux) (8_słownik.aux))
\openout1 = `praca.aux'.

LaTeX Font Info:    Checking defaults for OML/cmm/m/it on input line 149.
LaTeX Font Info:    ... okay on input line 149.
LaTeX Font Info:    Checking defaults for OMS/cmsy/m/n on input line 149.
LaTeX Font Info:    ... okay on input line 149.
LaTeX Font Info:    Checking defaults for OT1/cmr/m/n on input line 149.
LaTeX Font Info:    ... okay on input line 149.
LaTeX Font Info:    Checking defaults for T1/cmr/m/n on input line 149.
LaTeX Font Info:    ... okay on input line 149.
LaTeX Font Info:    Checking defaults for TS1/cmr/m/n on input line 149.
LaTeX Font Info:    ... okay on input line 149.
LaTeX Font Info:    Checking defaults for OMX/cmex/m/n on input line 149.
LaTeX Font Info:    ... okay on input line 149.
LaTeX Font Info:    Checking defaults for U/cmr/m/n on input line 149.
LaTeX Font Info:    ... okay on input line 149.
LaTeX Font Info:    Checking defaults for PD1/pdf/m/n on input line 149.
LaTeX Font Info:    ... okay on input line 149.
LaTeX Font Info:    Checking defaults for PU/pdf/m/n on input line 149.
LaTeX Font Info:    ... okay on input line 149.

(C:\Users\aniag\AppData\Local\Programs\MiKTeX\tex/context/base/mkii\supp-pdf.mk
ii
[Loading MPS to PDF converter (version 2006.09.02).]
\scratchcounter=\count481
\scratchdimen=\dimen292
\scratchbox=\box77
\nofMPsegments=\count482
\nofMParguments=\count483
\everyMPshowfont=\toks43
\MPscratchCnt=\count484
\MPscratchDim=\dimen293
\MPnumerator=\count485
\makeMPintoPDFobject=\count486
\everyMPtoPDFconversion=\toks44
)
(C:\Users\aniag\AppData\Local\Programs\MiKTeX\tex/latex/epstopdf-pkg\epstopdf-b
ase.sty
Package: epstopdf-base 2020-01-24 v2.11 Base part for package epstopdf

(C:\Users\aniag\AppData\Local\Programs\MiKTeX\tex/latex/grfext\grfext.sty
Package: grfext 2019/12/03 v1.3 Manage graphics extensions (HO)
)
Package epstopdf-base Info: Redefining graphics rule for `.eps' on input line 4
85.
Package grfext Info: Graphics extension search list:
(grfext)             [.pdf,.png,.jpg,.mps,.jpeg,.jbig2,.jb2,.PDF,.PNG,.JPG,.JPE
G,.JBIG2,.JB2,.eps]
(grfext)             \AppendGraphicsExtensions on input line 504.

(C:\Users\aniag\AppData\Local\Programs\MiKTeX\tex/latex/00miktex\epstopdf-sys.c
fg
File: epstopdf-sys.cfg 2021/03/18 v2.0 Configuration of epstopdf for MiKTeX
))
*geometry* driver: auto-detecting
*geometry* detected driver: pdftex
*geometry* verbose mode - [ preamble ] result:
* driver: pdftex
* paper: <default>
* layout: <same size as paper>
* layoutoffset:(h,v)=(0.0pt,0.0pt)
* modes: twoside 
* h-part:(L,W,R)=(85.35826pt, 455.24411pt, 56.9055pt)
* v-part:(T,H,B)=(85.35826pt, 674.33032pt, 85.35826pt)
* \paperwidth=597.50787pt
* \paperheight=845.04684pt
* \textwidth=455.24411pt
* \textheight=674.33032pt
* \oddsidemargin=13.08827pt
* \evensidemargin=-15.36449pt
* \topmargin=-40.36447pt
* \headheight=28.45274pt
* \headsep=25.0pt
* \topskip=11.0pt
* \footskip=28.45274pt
* \marginparwidth=103.0pt
* \marginparsep=10.0pt
* \columnsep=10.0pt
* \skip\footins=10.0pt plus 4.0pt minus 2.0pt
* \hoffset=0.0pt
* \voffset=0.0pt
* \mag=1000
* \@twocolumnfalse
* \@twosidetrue
* \@mparswitchtrue
* \@reversemarginfalse
* (1in=72.27pt=25.4mm, 1cm=28.453pt)

Package caption Info: Begin \AtBeginDocument code.
Package caption Info: float package is loaded.
Package caption Info: hyperref package is loaded.
Package caption Info: listings package is loaded.
Package caption Info: threeparttable package is loaded.
Package caption Info: End \AtBeginDocument code.
Package translations Info: no dictionary file `translations-basic-dictionary-po
lish.trsl' found. on input line 149.

LaTeX hooks Warning: Generic hook
(hooks)              'file/after/translations-basic-dictionary-english.trsl'
(hooks)              is deprecated.
(hooks)              Use hook
(hooks)              'file/translations-basic-dictionary-english.trsl/after'
(hooks)              instead.


(C:\Users\aniag\AppData\Local\Programs\MiKTeX\tex/latex/translations/dicts\tran
slations-basic-dictionary-english.trsl
File: translations-basic-dictionary-english.trsl (english translation file `tra
nslations-basic-dictionary')
)
Package translations Info: loading dictionary `translations-basic-dictionary' f
or `english'. on input line 149.
Package hyperref Info: Link coloring OFF on input line 149.

(C:\Users\aniag\AppData\Local\Programs\MiKTeX\tex/latex/hyperref\nameref.sty
Package: nameref 2021-04-02 v2.47 Cross-referencing by name of section

(C:\Users\aniag\AppData\Local\Programs\MiKTeX\tex/latex/refcount\refcount.sty
Package: refcount 2019/12/15 v3.6 Data extraction from label references (HO)
)
(C:\Users\aniag\AppData\Local\Programs\MiKTeX\tex/generic/gettitlestring\gettit
lestring.sty
Package: gettitlestring 2019/12/15 v1.6 Cleanup title references (HO)
)
\c@section@level=\count487
)
LaTeX Info: Redefining \ref on input line 149.
LaTeX Info: Redefining \pageref on input line 149.
LaTeX Info: Redefining \nameref on input line 149.
 (praca.out) (praca.out)
\@outlinefile=\write6
\openout6 = `praca.out'.

Package biblatex Info: Trying to load language 'polish'...
Package biblatex Info: ... file 'polish.lbx' found.

(C:\Users\aniag\AppData\Local\Programs\MiKTeX\tex/latex/biblatex/lbx\polish.lbx
File: polish.lbx 2020/12/31 v3.16 biblatex localization (PK/MW)
)
Package biblatex Info: Trying to load language 'english'...
Package biblatex Info: ... file 'english.lbx' found.

(C:\Users\aniag\AppData\Local\Programs\MiKTeX\tex/latex/biblatex/lbx\english.lb
x
File: english.lbx 2020/12/31 v3.16 biblatex localization (PK/MW)
)
Package biblatex Info: Input encoding 'utf8' detected.
Package biblatex Info: Automatic encoding selection.
(biblatex)             Assuming data encoding 'utf8'.
Package biblatex Info: Document encoding is UTF8 ....
Package biblatex Info: ... and expl3
(biblatex)             2021-11-22 L3 programming layer (loader) 
(biblatex)             is new enough (at least 2020/04/06),
(biblatex)             setting 'casechanger=expl3'.

(C:\Users\aniag\AppData\Local\Programs\MiKTeX\tex/latex/biblatex\blx-case-expl3
.sty
(C:\Users\aniag\AppData\Local\Programs\MiKTeX\tex/latex/l3packages/xparse\xpars
e.sty
Package: xparse 2021-11-12 L3 Experimental document command parser
)
Package: blx-case-expl3 2020/12/31 v3.16 expl3 case changing code for biblatex
)
\openout5 = `praca.bcf'.

Package biblatex Info: Trying to load bibliographic data...
Package biblatex Info: ... file 'praca.bbl' found.
 (praca.bbl)
Package biblatex Info: Reference section=0 on input line 149.
Package biblatex Info: Reference segment=0 on input line 149.
\c@lstlisting=\count488
<agh.jpg, id=175, 146.4672pt x 284.7438pt>
File: agh.jpg Graphic file (type jpg)
<use agh.jpg>
Package pdftex.def Info: agh.jpg  used on input line 153.
(pdftex.def)             Requested size: 87.88098pt x 170.8476pt.
LaTeX Font Info:    Trying to load font information for T1+phv on input line 15
3.

(C:\Users\aniag\AppData\Local\Programs\MiKTeX\tex/latex/psnfss\t1phv.fd
File: t1phv.fd 2020/03/25 scalable font definitions for T1/phv.
)
LaTeX Font Info:    Font shape `T1/phv/m/it' in size <12> not available
(Font)              Font shape `T1/phv/m/sl' tried instead on input line 153.
LaTeX Font Info:    Trying to load font information for U+msa on input line 153
.

(C:\Users\aniag\AppData\Local\Programs\MiKTeX\tex/latex/amsfonts\umsa.fd
File: umsa.fd 2013/01/14 v3.01 AMS symbols A
)
LaTeX Font Info:    Trying to load font information for U+msb on input line 153
.

(C:\Users\aniag\AppData\Local\Programs\MiKTeX\tex/latex/amsfonts\umsb.fd
File: umsb.fd 2013/01/14 v3.01 AMS symbols B
)
LaTeX Font Info:    Font shape `T1/phv/m/it' in size <10.95> not available
(Font)              Font shape `T1/phv/m/sl' tried instead on input line 153.

(praca.toc [1

{C:/Users/aniag/AppData/Local/MiKTeX/fonts/map/pdftex/pdftex.map} <./agh.jpg>] 
[2])
\tf@toc=\write7
\openout7 = `praca.toc'.

 [3]
\openout2 = `1_wstęp.aux'.

 (1_wstęp.tex [4



]
Rozdzia\l  1.

Underfull \vbox (badness 1062) has occurred while \output is active []

 [5]
[6]) [7]
\openout2 = `2_powiązane_algorytmy.aux'.

 (2_powiązane_algorytmy.tex [8




]
Rozdzia\l  2.
<zdjęcia/techniki-detekcji.png, id=267, 283.0575pt x 322.20375pt>
File: zdjęcia/techniki-detekcji.png Graphic file (type png)
<use zdjęcia/techniki-detekcji.png>
Package pdftex.def Info: zdjęcia/techniki-detekcji.png  used on input line 18.

(pdftex.def)             Requested size: 199.16928pt x 226.72102pt.

LaTeX Warning: `h' float specifier changed to `ht'.

[9] [10 <./zdjęcia/techniki-detekcji.png>]
<zdjęcia/haar_features.png, id=285, 878.28125pt x 285.065pt>
File: zdjęcia/haar_features.png Graphic file (type png)
<use zdjęcia/haar_features.png>
Package pdftex.def Info: zdjęcia/haar_features.png  used on input line 63.
(pdftex.def)             Requested size: 170.71652pt x 55.40694pt.
 [11 <./zdjęcia/haar_features.png>]
<zdjęcia/haar_nose_feature.png, id=300, 243.15843pt x 78.2925pt>
File: zdjęcia/haar_nose_feature.png Graphic file (type png)
<use zdjęcia/haar_nose_feature.png>
Package pdftex.def Info: zdjęcia/haar_nose_feature.png  used on input line 76.

(pdftex.def)             Requested size: 142.26378pt x 45.80629pt.
<zdjęcia/integral.png, id=304, 658.71094pt x 218.31563pt>
File: zdjęcia/integral.png Graphic file (type png)
<use zdjęcia/integral.png>
Package pdftex.def Info: zdjęcia/integral.png  used on input line 87.
(pdftex.def)             Requested size: 398.33858pt x 132.02306pt.

Underfull \vbox (badness 3492) has occurred while \output is active []

 [12 <./zdjęcia/haar_nose_feature.png> <./zdjęcia/integral.png>]
<zdjęcia/haar_train.png, id=314, 878.28125pt x 377.41pt>
File: zdjęcia/haar_train.png Graphic file (type png)
<use zdjęcia/haar_train.png>
Package pdftex.def Info: zdjęcia/haar_train.png  used on input line 100.
(pdftex.def)             Requested size: 398.33858pt x 171.17473pt.
 [13 <./zdjęcia/haar_train.png (PNG copy)>]
<zdjęcia/hog-kernels.jpg, id=326, 301.125pt x 185.69376pt>
File: zdjęcia/hog-kernels.jpg Graphic file (type jpg)
<use zdjęcia/hog-kernels.jpg>
Package pdftex.def Info: zdjęcia/hog-kernels.jpg  used on input line 123.
(pdftex.def)             Requested size: 142.26378pt x 87.73225pt.
<zdjęcia/gradients-histogram.png, id=330, 618.31pt x 437.635pt>
File: zdjęcia/gradients-histogram.png Graphic file (type png)
<use zdjęcia/gradients-histogram.png>
Package pdftex.def Info: zdjęcia/gradients-histogram.png  used on input line 1
42.
(pdftex.def)             Requested size: 284.52756pt x 201.39467pt.


LaTeX Warning: `h' float specifier changed to `ht'.

[14 <./zdjęcia/hog-kernels.jpg>]
Underfull \vbox (badness 10000) has occurred while \output is active []

 [15 <./zdjęcia/gradients-histogram.png (PNG copy)>]
<zdjęcia/landmarks_points.JPG, id=350, 357.13425pt x 318.59026pt>
File: zdjęcia/landmarks_points.JPG Graphic file (type jpg)
<use zdjęcia/landmarks_points.JPG>
Package pdftex.def Info: zdjęcia/landmarks_points.JPG  used on input line 175.

(pdftex.def)             Requested size: 227.62204pt x 203.05606pt.
 [16 <./zdjęcia/landmarks_points.JPG>]
<zdjęcia/triangulation.png, id=365, 803.0pt x 803.0pt>
File: zdjęcia/triangulation.png Graphic file (type png)
<use zdjęcia/triangulation.png>
Package pdftex.def Info: zdjęcia/triangulation.png  used on input line 211.
(pdftex.def)             Requested size: 170.71652pt x 170.71794pt.


LaTeX Warning: `h' float specifier changed to `ht'.

[17]
<zdjęcia/voronoi.png, id=378, 342.5297pt x 333.49594pt>
File: zdjęcia/voronoi.png Graphic file (type png)
<use zdjęcia/voronoi.png>
Package pdftex.def Info: zdjęcia/voronoi.png  used on input line 224.
(pdftex.def)             Requested size: 170.71652pt x 166.21832pt.
)
Underfull \vbox (badness 1342) has occurred while \output is active []

 [18 <./zdjęcia/triangulation.png> <./zdjęcia/voronoi.png (PNG copy)>] [19]
\openout2 = `3_istniejące_zastosowania.aux'.


(3_istniejące_zastosowania.tex [20




]
Rozdzia\l  3.
[21]
Underfull \vbox (badness 10000) has occurred while \output is active []

 [22])
[23]
\openout2 = `4_narzędzia_i_technologie.aux'.

 (4_narzędzia_i_technologie.tex [24




]
Rozdzia\l  4.
<zdjęcia/python.png, id=423, 1192.455pt x 1351.0475pt>
File: zdjęcia/python.png Graphic file (type png)
<use zdjęcia/python.png>
Package pdftex.def Info: zdjęcia/python.png  used on input line 14.
(pdftex.def)             Requested size: 199.16928pt x 225.65506pt.
[25 <./zdjęcia/python.png>]
<zdjęcia/python_usage.png, id=433, 501.875pt x 500.87125pt>
File: zdjęcia/python_usage.png Graphic file (type png)
<use zdjęcia/python_usage.png>
Package pdftex.def Info: zdjęcia/python_usage.png  used on input line 31.
(pdftex.def)             Requested size: 199.16928pt x 198.77055pt.

Underfull \vbox (badness 10000) has occurred while \output is active []

 [26 <./zdjęcia/python_usage.png>]
Underfull \vbox (badness 10000) has occurred while \output is active []

 [27]
[28]) [29]
\openout2 = `5_algorytm_animacji.aux'.

 (5_algorytm_animacji.tex [30




]
Rozdzia\l  5.
<zdjęcia/structure.png, id=471, 603.25375pt x 292.09125pt>
File: zdjęcia/structure.png Graphic file (type png)
<use zdjęcia/structure.png>
Package pdftex.def Info: zdjęcia/structure.png  used on input line 12.
(pdftex.def)             Requested size: 398.33858pt x 192.86993pt.
\openout3 = `praca.pyg'.

(_minted-praca/default-pyg-prefix.pygstyle) (_minted-praca/pastie.pygstyle)
[31 <./zdjęcia/structure.png>]
(_minted-praca/1180970CB021BC275DDBFBB66DB0F94F034E261799D9D111CF875282EB7E5727
.pygtex
LaTeX Font Info:    Trying to load font information for T1+pcr on input line 1.

 (C:\Users\aniag\AppData\Local\Programs\MiKTeX\tex/latex/psnfss\t1pcr.fd
File: t1pcr.fd 2001/06/04 font definitions for T1/pcr.
))
\openout3 = `praca.pyg'.


(_minted-praca/9CC9C37C8411D0D4ECD7A044F7E91CCD034E261799D9D111CF875282EB7E5727
.pygtex
LaTeX Font Info:    Trying to load font information for TS1+pcr on input line 4
.

(C:\Users\aniag\AppData\Local\Programs\MiKTeX\tex/latex/psnfss\ts1pcr.fd
File: ts1pcr.fd 2001/06/04 font definitions for TS1/pcr.
))
[32]
<zdjęcia/detected_landmarks_src.png, id=488, 325.215pt x 406.51875pt>
File: zdjęcia/detected_landmarks_src.png Graphic file (type png)
<use zdjęcia/detected_landmarks_src.png>
Package pdftex.def Info: zdjęcia/detected_landmarks_src.png  used on input lin
e 87.
(pdftex.def)             Requested size: 125.19078pt x 156.49014pt.
<zdjęcia/detected_landmarks_avatar.png, id=489, 406.51875pt x 406.51875pt>
File: zdjęcia/detected_landmarks_avatar.png Graphic file (type png)
<use zdjęcia/detected_landmarks_avatar.png>
Package pdftex.def Info: zdjęcia/detected_landmarks_avatar.png  used on input 
line 92.
(pdftex.def)             Requested size: 156.48848pt x 156.49014pt.
\openout3 = `praca.pyg'.

 [33 <./zdjęcia/detected_landmarks_src.png (PNG copy)> <./zdjęcia/detected_la
ndmarks_avatar.png (PNG copy)>]
(_minted-praca/0E3B844B7DC644C09EA42DAD5E037F6B034E261799D9D111CF875282EB7E5727
.pygtex)
<zdjęcia/triangulation_src.png, id=500, 325.215pt x 406.51875pt>
File: zdjęcia/triangulation_src.png Graphic file (type png)
<use zdjęcia/triangulation_src.png>
Package pdftex.def Info: zdjęcia/triangulation_src.png  used on input line 146
.
(pdftex.def)             Requested size: 125.19078pt x 156.49014pt.
<zdjęcia/triangulation_avatar.png, id=501, 406.51875pt x 406.51875pt>
File: zdjęcia/triangulation_avatar.png Graphic file (type png)
<use zdjęcia/triangulation_avatar.png>
Package pdftex.def Info: zdjęcia/triangulation_avatar.png  used on input line 
151.
(pdftex.def)             Requested size: 156.48848pt x 156.49014pt.

Underfull \vbox (badness 1603) has occurred while \output is active []

 [34 <./zdjęcia/triangulation_src.png (PNG copy)> <./zdjęcia/triangulation_av
atar.png (PNG copy)>]
\openout3 = `praca.pyg'.


(_minted-praca/EA7A37CDC7CB9593CF61AFFAC08E5764034E261799D9D111CF875282EB7E5727
.pygtex)
\openout3 = `praca.pyg'.


(_minted-praca/9755A386CCB0A331FC2E52377A138B6F034E261799D9D111CF875282EB7E5727
.pygtex) [35]
<zdjęcia/triangle_src.png, id=520, 112.16907pt x 51.94406pt>
File: zdjęcia/triangle_src.png Graphic file (type png)
<use zdjęcia/triangle_src.png>
Package pdftex.def Info: zdjęcia/triangle_src.png  used on input line 248.
(pdftex.def)             Requested size: 153.62103pt x 71.13188pt.
<zdjęcia/triangle_avatar.png, id=521, 105.39375pt x 51.94406pt>
File: zdjęcia/triangle_avatar.png Graphic file (type png)
<use zdjęcia/triangle_avatar.png>
Package pdftex.def Info: zdjęcia/triangle_avatar.png  used on input line 253.
(pdftex.def)             Requested size: 144.3419pt x 71.13188pt.
<zdjęcia/triangle_result.png, id=522, 112.16907pt x 51.94406pt>
File: zdjęcia/triangle_result.png Graphic file (type png)
<use zdjęcia/triangle_result.png>
Package pdftex.def Info: zdjęcia/triangle_result.png  used on input line 258.
(pdftex.def)             Requested size: 153.62103pt x 71.13188pt.
\openout3 = `praca.pyg'.


(_minted-praca/6F4C1378D2D6AAE32B27821F2176B46D034E261799D9D111CF875282EB7E5727
.pygtex) [36 <./zdjęcia/triangle_src.png (PNG copy)> <./zdjęcia/triangle_avat
ar.png (PNG copy)> <./zdjęcia/triangle_result.png (PNG copy)>]
<zdjęcia/specific_landmarks.JPG, id=540, 357.13425pt x 318.59026pt>
File: zdjęcia/specific_landmarks.JPG Graphic file (type jpg)
<use zdjęcia/specific_landmarks.JPG>
Package pdftex.def Info: zdjęcia/specific_landmarks.JPG  used on input line 29
8.
(pdftex.def)             Requested size: 199.16928pt x 177.67526pt.
\openout3 = `praca.pyg'.


(_minted-praca/389632E917E6C0396CEBB1FBF80398C2034E261799D9D111CF875282EB7E5727
.pygtex) [37 <./zdjęcia/specific_landmarks.JPG>]
<zdjęcia/src_img.jpg, id=549, 682.9515pt x 853.5087pt>
File: zdjęcia/src_img.jpg Graphic file (type jpg)
<use zdjęcia/src_img.jpg>
Package pdftex.def Info: zdjęcia/src_img.jpg  used on input line 342.
(pdftex.def)             Requested size: 91.05858pt x 113.81102pt.
<zdjęcia/mask_before_avatar.png, id=550, 325.215pt x 406.51875pt>
File: zdjęcia/mask_before_avatar.png Graphic file (type png)
<use zdjęcia/mask_before_avatar.png>
Package pdftex.def Info: zdjęcia/mask_before_avatar.png  used on input line 34
7.
(pdftex.def)             Requested size: 91.04468pt x 113.81102pt.
<zdjęcia/mask_after_avatar.png, id=551, 406.51875pt x 406.51875pt>
File: zdjęcia/mask_after_avatar.png Graphic file (type png)
<use zdjęcia/mask_after_avatar.png>
Package pdftex.def Info: zdjęcia/mask_after_avatar.png  used on input line 352
.
(pdftex.def)             Requested size: 113.80586pt x 113.81102pt.
<zdjęcia/without_face_avatar.png, id=552, 406.51875pt x 406.51875pt>
File: zdjęcia/without_face_avatar.png Graphic file (type png)
<use zdjęcia/without_face_avatar.png>
Package pdftex.def Info: zdjęcia/without_face_avatar.png  used on input line 3
57.
(pdftex.def)             Requested size: 113.80586pt x 113.81102pt.
<zdjęcia/avatar.png, id=560, 406.51875pt x 406.51875pt>
File: zdjęcia/avatar.png Graphic file (type png)
<use zdjęcia/avatar.png>
Package pdftex.def Info: zdjęcia/avatar.png  used on input line 370.
(pdftex.def)             Requested size: 156.48848pt x 156.49014pt.
<zdjęcia/result_avatar.png, id=561, 406.51875pt x 406.51875pt>
File: zdjęcia/result_avatar.png Graphic file (type png)
<use zdjęcia/result_avatar.png>
Package pdftex.def Info: zdjęcia/result_avatar.png  used on input line 375.
(pdftex.def)             Requested size: 156.48848pt x 156.49014pt.


LaTeX Warning: `h' float specifier changed to `ht'.


Underfull \vbox (badness 1308) has occurred while \output is active []

 [38 <./zdjęcia/src_img.jpg> <./zdjęcia/mask_before_avatar.png (PNG copy)> <.
/zdjęcia/mask_after_avatar.png (PNG copy)> <./zdjęcia/without_face_avatar.png
 (PNG copy)>]
<zdjęcia/structure_app.png, id=576, 1004.75375pt x 694.595pt>
File: zdjęcia/structure_app.png Graphic file (type png)
<use zdjęcia/structure_app.png>
Package pdftex.def Info: zdjęcia/structure_app.png  used on input line 395.
(pdftex.def)             Requested size: 369.88582pt x 255.7031pt.
 [39 <./zdjęcia/avatar.png> <./zdjęcia/result_avatar.png (PNG copy)> <./zdję
cia/structure_app.png>]
<zdjęcia/select_images.PNG, id=585, 1444.64719pt x 706.13812pt>
File: zdjęcia/select_images.PNG Graphic file (type png)
<use zdjęcia/select_images.PNG>
Package pdftex.def Info: zdjęcia/select_images.PNG  used on input line 412.
(pdftex.def)             Requested size: 349.25742pt x 170.71652pt.
<zdjęcia/animate_real_time.PNG, id=586, 1444.64719pt x 707.64375pt>
File: zdjęcia/animate_real_time.PNG Graphic file (type png)
<use zdjęcia/animate_real_time.PNG>
Package pdftex.def Info: zdjęcia/animate_real_time.PNG  used on input line 415
.
(pdftex.def)             Requested size: 348.50793pt x 170.71652pt.
) [40 <./zdjęcia/select_images.PNG> <./zdjęcia/animate_real_time.PNG>]
\openout2 = `6_ewaluacja.aux'.

 (6_ewaluacja.tex
Rozdzia\l  6.
) [41




]
\openout2 = `7_podsumowanie.aux'.

 (7_podsumowanie.tex [42




]
Rozdzia\l  7.
) [43]
\openout2 = `8_słownik.aux'.

 (8_słownik.tex [44




]
Rozdzia\l  8.
) [45] [46



] [47] [48] (praca.aux (1_wstęp.aux) (2_powiązane_algorytmy.aux)
(3_istniejące_zastosowania.aux) (4_narzędzia_i_technologie.aux)
(5_algorytm_animacji.aux) (6_ewaluacja.aux) (7_podsumowanie.aux)
(8_słownik.aux))

LaTeX Warning: There were multiply-defined labels.

Package rerunfilecheck Info: File `praca.out' has not changed.
(rerunfilecheck)             Checksum: 02476793D388379368BBE939CD68D957;6802.
runsystem(del praca.pyg)...executed.

Package logreq Info: Writing requests to 'praca.run.xml'.
\openout1 = `praca.run.xml'.

 ) 
Here is how much of TeX's memory you used:
 31764 strings out of 478659
 623989 string characters out of 2845919
 1381299 words of memory out of 3000000
 49154 multiletter control sequences out of 15000+600000
 478882 words of font info for 103 fonts, out of 8000000 for 9000
 1141 hyphenation exceptions out of 8191
 86i,12n,91p,1132b,2462s stack positions out of 5000i,500n,10000p,200000b,80000s
{C:/Users/aniag/AppData/Local/Programs/MiKTeX/fonts/enc/dvips/base/8r.enc}<C:
/Users/aniag/AppData/Local/Programs/MiKTeX/fonts/type1/public/amsfonts/cm/cmex1
0.pfb><C:/Users/aniag/AppData/Local/Programs/MiKTeX/fonts/type1/public/amsfonts
/cm/cmmi10.pfb><C:/Users/aniag/AppData/Local/Programs/MiKTeX/fonts/type1/public
/amsfonts/cm/cmmi6.pfb><C:/Users/aniag/AppData/Local/Programs/MiKTeX/fonts/type
1/public/amsfonts/cm/cmmi8.pfb><C:/Users/aniag/AppData/Local/Programs/MiKTeX/fo
nts/type1/public/amsfonts/cm/cmr10.pfb><C:/Users/aniag/AppData/Local/Programs/M
iKTeX/fonts/type1/public/amsfonts/cm/cmr8.pfb><C:/Users/aniag/AppData/Local/Pro
grams/MiKTeX/fonts/type1/public/amsfonts/cm/cmsy6.pfb><C:/Users/aniag/AppData/L
ocal/Programs/MiKTeX/fonts/type1/urw/courier/ucrb8a.pfb><C:/Users/aniag/AppData
/Local/Programs/MiKTeX/fonts/type1/urw/courier/ucrr8a.pfb><C:/Users/aniag/AppDa
ta/Local/Programs/MiKTeX/fonts/type1/urw/helvetic/uhvb8a.pfb><C:/Users/aniag/Ap
pData/Local/Programs/MiKTeX/fonts/type1/urw/helvetic/uhvr8a.pfb><C:/Users/aniag
/AppData/Local/Programs/MiKTeX/fonts/type1/urw/helvetic/uhvro8a.pfb><C:/Users/a
niag/AppData/Local/Programs/MiKTeX/fonts/type1/urw/times/utmb8a.pfb><C:/Users/a
niag/AppData/Local/Programs/MiKTeX/fonts/type1/urw/times/utmr8a.pfb><C:/Users/a
niag/AppData/Local/Programs/MiKTeX/fonts/type1/urw/times/utmr8a.pfb><C:/Users/a
niag/AppData/Local/Programs/MiKTeX/fonts/type1/urw/times/utmri8a.pfb>
Output written on praca.pdf (48 pages, 4160364 bytes).
PDF statistics:
 764 PDF objects out of 1000 (max. 8388607)
 149 named destinations out of 1000 (max. 500000)
 500 words of extra memory for PDF output out of 10000 (max. 10000000)

